d:\vs2015代码\studentmangersystem\qtguiapplication1\x64\release\moc_qtguiapplication1.obj
d:\vs2015代码\studentmangersystem\qtguiapplication1\x64\release\qrc_qtguiapplication1.obj
d:\vs2015代码\studentmangersystem\qtguiapplication1\x64\release\vc140.pdb
d:\vs2015代码\studentmangersystem\qtguiapplication1\x64\release\qtguiapplication1.obj
d:\vs2015代码\studentmangersystem\qtguiapplication1\x64\release\main.obj
d:\vs2015代码\studentmangersystem\qtguiapplication1\x64\release\manger.obj
d:\vs2015代码\studentmangersystem\qtguiapplication1\x64\release\studentmangersystem.obj
d:\vs2015代码\studentmangersystem\qtguiapplication1\x64\release\maininterface.obj
d:\vs2015代码\studentmangersystem\qtguiapplication1\x64\release\teachermangersystem.obj
d:\vs2015代码\studentmangersystem\qtguiapplication1\x64\release\moc_teachermangersystem.obj
d:\vs2015代码\studentmangersystem\qtguiapplication1\x64\release\moc_studentmangersystem.obj
d:\vs2015代码\studentmangersystem\qtguiapplication1\x64\release\moc_maininterface.obj
d:\vs2015代码\studentmangersystem\qtguiapplication1\x64\release\regeistered.obj
d:\vs2015代码\studentmangersystem\qtguiapplication1\x64\release\moc_regeistered.obj
d:\vs2015代码\studentmangersystem\qtguiapplication1\x64\release\teacherrrgeistered.obj
d:\vs2015代码\studentmangersystem\qtguiapplication1\x64\release\moc_teacherrrgeistered.obj
d:\vs2015代码\studentmangersystem\qtguiapplication1\x64\release\teachermanger.obj
d:\vs2015代码\studentmangersystem\qtguiapplication1\x64\release\addstudentdata.obj
d:\vs2015代码\studentmangersystem\qtguiapplication1\x64\release\moc_addstudentdata.obj
d:\vs2015代码\studentmangersystem\qtguiapplication1\x64\release\moc_teachermanger.obj
d:\vs2015代码\studentmangersystem\qtguiapplication1\x64\release\moc_manger.obj
d:\vs2015代码\studentmangersystem\qtguiapplication1\x64\release\changestudentdata.obj
d:\vs2015代码\studentmangersystem\qtguiapplication1\x64\release\moc_changestudentdata.obj
d:\vs2015代码\studentmangersystem\x64\release\qtguiapplication1.ilk
d:\vs2015代码\studentmangersystem\x64\release\qtguiapplication1.exe
d:\vs2015代码\studentmangersystem\x64\release\qtguiapplication1.pdb
d:\vs2015代码\studentmangersystem\qtguiapplication1\x64\release\\moc\moc_maininterface.cpp
d:\vs2015代码\studentmangersystem\qtguiapplication1\x64\release\\moc\moc_studentmangersystem.cpp
d:\vs2015代码\studentmangersystem\qtguiapplication1\x64\release\\moc\moc_manger.cpp
d:\vs2015代码\studentmangersystem\qtguiapplication1\x64\release\\moc\moc_teachermangersystem.cpp
d:\vs2015代码\studentmangersystem\qtguiapplication1\x64\release\\moc\moc_regeistered.cpp
d:\vs2015代码\studentmangersystem\qtguiapplication1\x64\release\\moc\moc_teacherrrgeistered.cpp
d:\vs2015代码\studentmangersystem\qtguiapplication1\x64\release\\moc\moc_teachermanger.cpp
d:\vs2015代码\studentmangersystem\qtguiapplication1\x64\release\\moc\moc_addstudentdata.cpp
d:\vs2015代码\studentmangersystem\qtguiapplication1\x64\release\\moc\moc_changestudentdata.cpp
d:\vs2015代码\studentmangersystem\qtguiapplication1\x64\release\uic\ui_qtguiapplication1.h
d:\vs2015代码\studentmangersystem\qtguiapplication1\x64\release\rcc\qrc_qtguiapplication1.cpp
d:\vs2015代码\studentmangersystem\qtguiapplication1\x64\release\moc\moc_qtguiapplication1.cpp
d:\vs2015代码\studentmangersystem\qtguiapplication1\x64\release\uic\ui_maininterface.h
d:\vs2015代码\studentmangersystem\qtguiapplication1\x64\release\uic\ui_manger.h
d:\vs2015代码\studentmangersystem\qtguiapplication1\x64\release\uic\ui_studentmangersystem.h
d:\vs2015代码\studentmangersystem\qtguiapplication1\x64\release\uic\ui_teachermangersystem.h
d:\vs2015代码\studentmangersystem\qtguiapplication1\x64\release\moc\moc_maininterface.cpp
d:\vs2015代码\studentmangersystem\qtguiapplication1\x64\release\moc\moc_studentmangersystem.cpp
d:\vs2015代码\studentmangersystem\qtguiapplication1\x64\release\moc\moc_manger.cpp
d:\vs2015代码\studentmangersystem\qtguiapplication1\x64\release\moc\moc_teachermangersystem.cpp
d:\vs2015代码\studentmangersystem\qtguiapplication1\x64\release\uic\ui_regeistered.h
d:\vs2015代码\studentmangersystem\qtguiapplication1\x64\release\moc\moc_regeistered.cpp
d:\vs2015代码\studentmangersystem\qtguiapplication1\x64\release\uic\ui_teacherrrgeistered.h
d:\vs2015代码\studentmangersystem\qtguiapplication1\x64\release\moc\moc_teacherrrgeistered.cpp
d:\vs2015代码\studentmangersystem\qtguiapplication1\x64\release\uic\ui_teachermanger.h
d:\vs2015代码\studentmangersystem\qtguiapplication1\x64\release\moc\moc_teachermanger.cpp
d:\vs2015代码\studentmangersystem\qtguiapplication1\x64\release\uic\ui_addstudentdata.h
d:\vs2015代码\studentmangersystem\qtguiapplication1\x64\release\moc\moc_addstudentdata.cpp
d:\vs2015代码\studentmangersystem\qtguiapplication1\x64\release\uic\ui_changestudentdata.h
d:\vs2015代码\studentmangersystem\qtguiapplication1\x64\release\moc\moc_changestudentdata.cpp
d:\vs2015代码\studentmangersystem\qtguiapplication1\x64\release\\rcc\qrc_qtguiapplication1.cpp
d:\vs2015代码\studentmangersystem\qtguiapplication1\x64\release\\uic\ui_addstudentdata.h
d:\vs2015代码\studentmangersystem\qtguiapplication1\x64\release\\uic\ui_changestudentdata.h
d:\vs2015代码\studentmangersystem\qtguiapplication1\x64\release\\uic\ui_maininterface.h
d:\vs2015代码\studentmangersystem\qtguiapplication1\x64\release\\uic\ui_manger.h
d:\vs2015代码\studentmangersystem\qtguiapplication1\x64\release\\uic\ui_regeistered.h
d:\vs2015代码\studentmangersystem\qtguiapplication1\x64\release\\uic\ui_studentmangersystem.h
d:\vs2015代码\studentmangersystem\qtguiapplication1\x64\release\\uic\ui_teachermanger.h
d:\vs2015代码\studentmangersystem\qtguiapplication1\x64\release\\uic\ui_teachermangersystem.h
d:\vs2015代码\studentmangersystem\qtguiapplication1\x64\release\\uic\ui_teacherrrgeistered.h
d:\vs2015代码\studentmangersystem\qtguiapplication1\x64\release\qtguiapp.b5058c59.tlog\cl.command.1.tlog
d:\vs2015代码\studentmangersystem\qtguiapplication1\x64\release\qtguiapp.b5058c59.tlog\cl.read.1.tlog
d:\vs2015代码\studentmangersystem\qtguiapplication1\x64\release\qtguiapp.b5058c59.tlog\cl.write.1.tlog
d:\vs2015代码\studentmangersystem\qtguiapplication1\x64\release\qtguiapp.b5058c59.tlog\link.command.1.tlog
d:\vs2015代码\studentmangersystem\qtguiapplication1\x64\release\qtguiapp.b5058c59.tlog\link.read.1.tlog
d:\vs2015代码\studentmangersystem\qtguiapplication1\x64\release\qtguiapp.b5058c59.tlog\link.write.1.tlog
d:\vs2015代码\studentmangersystem\qtguiapplication1\x64\release\qtguiapp.b5058c59.tlog\moc.read.1u.tlog
d:\vs2015代码\studentmangersystem\qtguiapplication1\x64\release\qtguiapp.b5058c59.tlog\moc.write.1u.tlog
d:\vs2015代码\studentmangersystem\qtguiapplication1\x64\release\qtguiapp.b5058c59.tlog\qtguiapplication1.write.1u.tlog
d:\vs2015代码\studentmangersystem\qtguiapplication1\x64\release\qtguiapp.b5058c59.tlog\rcc.read.1u.tlog
d:\vs2015代码\studentmangersystem\qtguiapplication1\x64\release\qtguiapp.b5058c59.tlog\rcc.write.1u.tlog
d:\vs2015代码\studentmangersystem\qtguiapplication1\x64\release\qtguiapp.b5058c59.tlog\uic.read.1u.tlog
d:\vs2015代码\studentmangersystem\qtguiapplication1\x64\release\qtguiapp.b5058c59.tlog\uic.write.1u.tlog
